[ 2015-05-26T09:55:49+08:00 ] 127.0.0.1 /
INFO: [ app_init ] --START--
INFO: Run Behavior\BuildLiteBehavior [ RunTime:0.000072s ]
INFO: [ app_init ] --END-- [ RunTime:0.031033s ]
INFO: [ app_begin ] --START--
INFO: Run Behavior\ReadHtmlCacheBehavior [ RunTime:0.008925s ]
INFO: [ app_begin ] --END-- [ RunTime:0.009300s ]
SQL: SHOW COLUMNS FROM `article` [ RunTime:0.0067s ]
SQL: SELECT `id`,`title`,`tags`,`time`,`views`,`description` FROM `article` WHERE `status` = 1 ORDER BY id desc  [ RunTime:0.0089s ]
INFO: [ view_parse ] --START--
INFO: [ template_filter ] --START--
INFO: Run Behavior\ContentReplaceBehavior [ RunTime:0.000225s ]
INFO: [ template_filter ] --END-- [ RunTime:0.000567s ]
INFO: Run Behavior\ParseTemplateBehavior [ RunTime:0.102851s ]
INFO: [ view_parse ] --END-- [ RunTime:0.103146s ]
INFO: [ view_filter ] --START--
INFO: Run Behavior\WriteHtmlCacheBehavior [ RunTime:0.013721s ]
INFO: [ view_filter ] --END-- [ RunTime:0.014053s ]
INFO: [ app_end ] --START--
INFO: Run Behavior\ShowPageTraceBehavior [ RunTime:0.016648s ]
INFO: [ app_end ] --END-- [ RunTime:0.016994s ]

[ 2015-05-26T10:17:11+08:00 ] 127.0.0.1 /
INFO: [ app_init ] --START--
INFO: Run Behavior\BuildLiteBehavior [ RunTime:0.000079s ]
INFO: [ app_init ] --END-- [ RunTime:0.008938s ]
INFO: [ app_begin ] --START--
INFO: Run Behavior\ReadHtmlCacheBehavior [ RunTime:0.010320s ]
INFO: [ app_begin ] --END-- [ RunTime:0.010660s ]
SQL: SHOW COLUMNS FROM `article` [ RunTime:0.0342s ]
SQL: SELECT `id`,`title`,`tags`,`time`,`views`,`description` FROM `article` WHERE `status` = 1 ORDER BY id desc  [ RunTime:0.0009s ]
INFO: [ view_parse ] --START--
INFO: [ template_filter ] --START--
INFO: Run Behavior\ContentReplaceBehavior [ RunTime:0.000196s ]
INFO: [ template_filter ] --END-- [ RunTime:0.000521s ]
INFO: Run Behavior\ParseTemplateBehavior [ RunTime:0.099181s ]
INFO: [ view_parse ] --END-- [ RunTime:0.099514s ]
INFO: [ view_filter ] --START--
INFO: Run Behavior\WriteHtmlCacheBehavior [ RunTime:0.077659s ]
INFO: [ view_filter ] --END-- [ RunTime:0.077933s ]
INFO: [ app_end ] --START--
INFO: Run Behavior\ShowPageTraceBehavior [ RunTime:0.060863s ]
INFO: [ app_end ] --END-- [ RunTime:0.061044s ]

