[ 2015-05-20T11:02:54+08:00 ] 127.0.0.1 /tutu
INFO: [ app_init ] --START--
INFO: Run Behavior\BuildLiteBehavior [ RunTime:0.000032s ]
INFO: [ app_init ] --END-- [ RunTime:0.000412s ]
INFO: [ app_begin ] --START--
INFO: Run Behavior\ReadHtmlCacheBehavior [ RunTime:0.000415s ]
INFO: [ app_begin ] --END-- [ RunTime:0.000541s ]
INFO: [ view_parse ] --START--
INFO: [ template_filter ] --START--
INFO: Run Behavior\ContentReplaceBehavior [ RunTime:0.000085s ]
INFO: [ template_filter ] --END-- [ RunTime:0.000210s ]
INFO: Run Behavior\ParseTemplateBehavior [ RunTime:0.006167s ]
INFO: [ view_parse ] --END-- [ RunTime:0.006292s ]
INFO: [ view_filter ] --START--
INFO: Run Behavior\WriteHtmlCacheBehavior [ RunTime:0.000209s ]
INFO: [ view_filter ] --END-- [ RunTime:0.000324s ]
INFO: [ app_end ] --START--
INFO: Run Behavior\ShowPageTraceBehavior [ RunTime:0.000417s ]
INFO: [ app_end ] --END-- [ RunTime:0.000535s ]

[ 2015-05-20T11:30:44+08:00 ] 127.0.0.1 /tutu
INFO: [ app_init ] --START--
INFO: Run Behavior\BuildLiteBehavior [ RunTime:0.000029s ]
INFO: [ app_init ] --END-- [ RunTime:0.000454s ]
INFO: [ app_begin ] --START--
INFO: Run Behavior\ReadHtmlCacheBehavior [ RunTime:0.000453s ]
INFO: [ app_begin ] --END-- [ RunTime:0.000593s ]
INFO: [ view_parse ] --START--
INFO: [ template_filter ] --START--
INFO: Run Behavior\ContentReplaceBehavior [ RunTime:0.000086s ]
INFO: [ template_filter ] --END-- [ RunTime:0.000217s ]
INFO: Run Behavior\ParseTemplateBehavior [ RunTime:0.006685s ]
INFO: [ view_parse ] --END-- [ RunTime:0.006825s ]
INFO: [ view_filter ] --START--
INFO: Run Behavior\WriteHtmlCacheBehavior [ RunTime:0.000233s ]
INFO: [ view_filter ] --END-- [ RunTime:0.000364s ]
INFO: [ app_end ] --START--
INFO: Run Behavior\ShowPageTraceBehavior [ RunTime:0.000397s ]
INFO: [ app_end ] --END-- [ RunTime:0.000516s ]

[ 2015-05-20T11:36:07+08:00 ] 127.0.0.1 /Tutu/Index/add_article.html
INFO: [ app_init ] --START--
INFO: Run Behavior\BuildLiteBehavior [ RunTime:0.000035s ]
INFO: [ app_init ] --END-- [ RunTime:0.000531s ]
INFO: [ app_begin ] --START--
INFO: Run Behavior\ReadHtmlCacheBehavior [ RunTime:0.000604s ]
INFO: [ app_begin ] --END-- [ RunTime:0.000760s ]
SQL: SHOW COLUMNS FROM `article` [ RunTime:0.0030s ]
SQL: INSERT INTO `article` (`title`,`content`,`tags`,`description`,`time`) VALUES ('使用google-code-prettify高亮显示网页代码','<p>前记：因为博客系统中的Web Editor使用的是KindEditor，它默认保存的时候，保存的内容是&lt;pre&nbsp;class=\"prettyprint lang-html\"&gt;&lt;/pre&gt;而不是&lt;pre name=\"code\"&gt;&lt;/pre&gt;</p><p>所以用其他的语法提示比较麻烦，而我又比较的懒，所以直接用google-code-prettify了</p><p>使用说明：</p><p>首先添加文件</p><pre class=\"lang-html\" data-lang=\"html\">&lt;link rel=\"Stylesheet\" type=\"text/css\" href=\"prettify/prettify.css\" /&gt;
&lt;script type=\"text/javascript\"  src=\"prettify/prettify.js\"&gt;&lt;/script&gt;
</pre><p>当然如果你觉得默认样式不好看，可以自己修改，这里我就直接在HTML页面修改了，因为它默认不换行，所以显得不是那么的友好<br></p><pre class=\"lang-css\" data-lang=\"css\">&lt;style type=\"text/css\"&gt;
&nbsp;pre {
&nbsp;&nbsp;&nbsp;&nbsp;white-space: pre-wrap; /* css-3 */
&nbsp;&nbsp;&nbsp;&nbsp;white-space: -moz-pre-wrap; /* Mozilla, since 1999 */
&nbsp;&nbsp;&nbsp;&nbsp;white-space: -pre-wrap; /* Opera 4-6 */
&nbsp;&nbsp;&nbsp;&nbsp;white-space: -o-pre-wrap; /* Opera 7 */
&nbsp;&nbsp;&nbsp;&nbsp;word-wrap: break-word; /* Internet Explorer 5.5+ */
}
&lt;/style&gt;
</pre><p>默认不显示行号，这里我们可以写如下的代码，使之显示行号，但是貌似不完整，大家如果有更好的方法告诉我哦<br></p><pre class=\"\">$(window).load(function () {
&nbsp;&nbsp;&nbsp;&nbsp;$(\"pre\").addClass(\"prettyprint linenums\");
})
</pre><p>最后就是调用了，可以写在body的onload事件中，但是不建议，这里我们用jquery，在DOM节点加载完之后就调用<br></p><pre class=\"\">$(\"pre\").addClass(\"prettyprint linenums\");
&nbsp;&nbsp;&nbsp;&nbsp;prettyPrint();
})
</pre>','[\"prettify\",\"jquery\"]','Google code prettify因为被墙，已经访问不了官网了...在这里记下一点信息备用。','1432092966') [ RunTime:0.2620s ]
SQL: SHOW COLUMNS FROM `tags` [ RunTime:0.0461s ]
SQL: SHOW COLUMNS FROM `tags` [ RunTime:0.0037s ]
SQL: SELECT `id` FROM `tags` WHERE `tags` = 'prettify' LIMIT 1   [ RunTime:0.0004s ]
SQL: INSERT INTO `tags` (`tags`) VALUES ('prettify') [ RunTime:0.0004s ]
SQL: SELECT `id` FROM `tags` WHERE `tags` = 'jquery' LIMIT 1   [ RunTime:0.0003s ]
SQL: SHOW COLUMNS FROM `article_tags` [ RunTime:0.0325s ]
SQL: INSERT INTO `article_tags` (`tag_id`,`article_id`,`tag_name`) VALUES ('6','17','prettify'),('1','17','jquery') [ RunTime:0.0008s ]
INFO: [ view_parse ] --START--
INFO: [ template_filter ] --START--
INFO: Run Behavior\ContentReplaceBehavior [ RunTime:0.000277s ]
INFO: [ template_filter ] --END-- [ RunTime:0.000808s ]
INFO: Run Behavior\ParseTemplateBehavior [ RunTime:0.017334s ]
INFO: [ view_parse ] --END-- [ RunTime:0.017681s ]
INFO: [ view_filter ] --START--
INFO: Run Behavior\WriteHtmlCacheBehavior [ RunTime:0.000768s ]
INFO: [ view_filter ] --END-- [ RunTime:0.001066s ]
INFO: [ app_end ] --START--
INFO: Run Behavior\ShowPageTraceBehavior [ RunTime:0.001228s ]
INFO: [ app_end ] --END-- [ RunTime:0.001539s ]

[ 2015-05-20T11:36:08+08:00 ] 127.0.0.1 /tutu
INFO: [ app_init ] --START--
INFO: Run Behavior\BuildLiteBehavior [ RunTime:0.000073s ]
INFO: [ app_init ] --END-- [ RunTime:0.001096s ]
INFO: [ app_begin ] --START--
INFO: Run Behavior\ReadHtmlCacheBehavior [ RunTime:0.001330s ]
INFO: [ app_begin ] --END-- [ RunTime:0.001811s ]
INFO: [ view_parse ] --START--
INFO: [ template_filter ] --START--
INFO: Run Behavior\ContentReplaceBehavior [ RunTime:0.000088s ]
INFO: [ template_filter ] --END-- [ RunTime:0.000226s ]
INFO: Run Behavior\ParseTemplateBehavior [ RunTime:0.007676s ]
INFO: [ view_parse ] --END-- [ RunTime:0.007903s ]
INFO: [ view_filter ] --START--
INFO: Run Behavior\WriteHtmlCacheBehavior [ RunTime:0.000272s ]
INFO: [ view_filter ] --END-- [ RunTime:0.000402s ]
INFO: [ app_end ] --START--
INFO: Run Behavior\ShowPageTraceBehavior [ RunTime:0.000594s ]
INFO: [ app_end ] --END-- [ RunTime:0.000727s ]

