[ 2015-05-18T16:01:36+08:00 ] 127.0.0.1 /img/icon/light/24px/24_home.png
INFO: [ app_init ] --START--
INFO: Run Behavior\BuildLiteBehavior [ RunTime:0.000053s ]
INFO: [ app_init ] --END-- [ RunTime:0.000715s ]
ERR: 无法加载模块:Img

[ 2015-05-18T16:01:36+08:00 ] 127.0.0.1 /img/icon/light/24px/24_googleplus.png
INFO: [ app_init ] --START--
INFO: Run Behavior\BuildLiteBehavior [ RunTime:0.000064s ]
INFO: [ app_init ] --END-- [ RunTime:0.000739s ]
ERR: 无法加载模块:Img

[ 2015-05-18T16:01:36+08:00 ] 127.0.0.1 /img/icon/light/24px/24_rss.png
INFO: [ app_init ] --START--
INFO: Run Behavior\BuildLiteBehavior [ RunTime:0.000058s ]
INFO: [ app_init ] --END-- [ RunTime:0.000744s ]
ERR: 无法加载模块:Img

[ 2015-05-18T16:01:36+08:00 ] 127.0.0.1 /img/icon/light/24px/24_comments.png
INFO: [ app_init ] --START--
INFO: Run Behavior\BuildLiteBehavior [ RunTime:0.000055s ]
INFO: [ app_init ] --END-- [ RunTime:0.000801s ]
ERR: 无法加载模块:Img

[ 2015-05-18T16:01:36+08:00 ] 127.0.0.1 /img/icon/light/24px/24_html.png
INFO: [ app_init ] --START--
INFO: Run Behavior\BuildLiteBehavior [ RunTime:0.000064s ]
INFO: [ app_init ] --END-- [ RunTime:0.000777s ]
ERR: 无法加载模块:Img

[ 2015-05-18T16:01:36+08:00 ] 127.0.0.1 /img/icon/light/24px/24_settings.png
INFO: [ app_init ] --START--
INFO: Run Behavior\BuildLiteBehavior [ RunTime:0.000065s ]
INFO: [ app_init ] --END-- [ RunTime:0.000955s ]
ERR: 无法加载模块:Img

[ 2015-05-18T16:01:36+08:00 ] 127.0.0.1 /img/icon/light/24px/24_poll.png
INFO: [ app_init ] --START--
INFO: Run Behavior\BuildLiteBehavior [ RunTime:0.000072s ]
INFO: [ app_init ] --END-- [ RunTime:0.009095s ]
ERR: 无法加载模块:Img

[ 2015-05-18T16:01:36+08:00 ] 127.0.0.1 /img/icon/light/24px/24_gallery.png
INFO: [ app_init ] --START--
INFO: Run Behavior\BuildLiteBehavior [ RunTime:0.000054s ]
INFO: [ app_init ] --END-- [ RunTime:0.000619s ]
ERR: 无法加载模块:Img

[ 2015-05-18T16:01:36+08:00 ] 127.0.0.1 /img/icon/light/24px/24_pie_graph.png
INFO: [ app_init ] --START--
INFO: Run Behavior\BuildLiteBehavior [ RunTime:0.000062s ]
INFO: [ app_init ] --END-- [ RunTime:0.000704s ]
ERR: 无法加载模块:Img

[ 2015-05-18T16:02:02+08:00 ] 127.0.0.1 /img/icon/light/24px/24_home.png
INFO: [ app_init ] --START--
INFO: Run Behavior\BuildLiteBehavior [ RunTime:0.000066s ]
INFO: [ app_init ] --END-- [ RunTime:0.005691s ]
ERR: 无法加载模块:Img

[ 2015-05-18T16:02:02+08:00 ] 127.0.0.1 /img/icon/light/24px/24_comments.png
INFO: [ app_init ] --START--
INFO: Run Behavior\BuildLiteBehavior [ RunTime:0.000058s ]
INFO: [ app_init ] --END-- [ RunTime:0.000655s ]
ERR: 无法加载模块:Img

[ 2015-05-18T16:02:02+08:00 ] 127.0.0.1 /img/icon/light/24px/24_settings.png
INFO: [ app_init ] --START--
INFO: Run Behavior\BuildLiteBehavior [ RunTime:0.000064s ]
INFO: [ app_init ] --END-- [ RunTime:0.004634s ]
ERR: 无法加载模块:Img

[ 2015-05-18T16:02:02+08:00 ] 127.0.0.1 /img/icon/light/24px/24_gallery.png
INFO: [ app_init ] --START--
INFO: Run Behavior\BuildLiteBehavior [ RunTime:0.000058s ]
INFO: [ app_init ] --END-- [ RunTime:0.000668s ]
ERR: 无法加载模块:Img

[ 2015-05-18T16:02:02+08:00 ] 127.0.0.1 /img/icon/light/24px/24_poll.png
INFO: [ app_init ] --START--
INFO: Run Behavior\BuildLiteBehavior [ RunTime:0.000064s ]
INFO: [ app_init ] --END-- [ RunTime:0.000787s ]
ERR: 无法加载模块:Img

[ 2015-05-18T16:02:02+08:00 ] 127.0.0.1 /img/icon/light/24px/24_pie_graph.png
INFO: [ app_init ] --START--
INFO: Run Behavior\BuildLiteBehavior [ RunTime:0.000063s ]
INFO: [ app_init ] --END-- [ RunTime:0.000714s ]
ERR: 无法加载模块:Img

[ 2015-05-18T16:02:02+08:00 ] 127.0.0.1 /img/icon/light/24px/24_rss.png
INFO: [ app_init ] --START--
INFO: Run Behavior\BuildLiteBehavior [ RunTime:0.000063s ]
INFO: [ app_init ] --END-- [ RunTime:0.000689s ]
ERR: 无法加载模块:Img


[ 2015-05-18T16:02:02+08:00 ] 127.0.0.1 /img/icon/light/24px/24_googleplus.png
INFO: [ app_init ] --START--
INFO: Run Behavior\BuildLiteBehavior [ RunTime:0.000068s ]
INFO: [ app_init ] --END-- [ RunTime:0.000760s ]
ERR: 无法加载模块:Img

[ 2015-05-18T16:02:02+08:00 ] 127.0.0.1 /img/icon/light/24px/24_home.png
INFO: [ app_init ] --START--
INFO: Run Behavior\BuildLiteBehavior [ RunTime:0.000060s ]
INFO: [ app_init ] --END-- [ RunTime:0.000683s ]
ERR: 无法加载模块:Img

[ 2015-05-18T16:02:02+08:00 ] 127.0.0.1 /img/icon/light/24px/24_settings.png
INFO: [ app_init ] --START--
INFO: Run Behavior\BuildLiteBehavior [ RunTime:0.000066s ]
INFO: [ app_init ] --END-- [ RunTime:0.000712s ]
ERR: 无法加载模块:Img

[ 2015-05-18T16:02:02+08:00 ] 127.0.0.1 /img/icon/light/24px/24_pie_graph.png
INFO: [ app_init ] --START--
INFO: Run Behavior\BuildLiteBehavior [ RunTime:0.000058s ]
INFO: [ app_init ] --END-- [ RunTime:0.000642s ]
ERR: 无法加载模块:Img

[ 2015-05-18T16:02:02+08:00 ] 127.0.0.1 /img/icon/light/24px/24_gallery.png
INFO: [ app_init ] --START--
INFO: Run Behavior\BuildLiteBehavior [ RunTime:0.000059s ]
INFO: [ app_init ] --END-- [ RunTime:0.000660s ]
ERR: 无法加载模块:Img

[ 2015-05-18T16:02:02+08:00 ] 127.0.0.1 /img/icon/light/24px/24_poll.png
INFO: [ app_init ] --START--
INFO: Run Behavior\BuildLiteBehavior [ RunTime:0.000050s ]
INFO: [ app_init ] --END-- [ RunTime:0.000624s ]
ERR: 无法加载模块:Img

[ 2015-05-18T16:02:03+08:00 ] 127.0.0.1 /img/icon/light/24px/24_comments.png
INFO: [ app_init ] --START--
INFO: Run Behavior\BuildLiteBehavior [ RunTime:0.000059s ]
INFO: [ app_init ] --END-- [ RunTime:0.000763s ]
ERR: 无法加载模块:Img

[ 2015-05-18T16:02:03+08:00 ] 127.0.0.1 /img/icon/light/24px/24_googleplus.png
INFO: [ app_init ] --START--
INFO: Run Behavior\BuildLiteBehavior [ RunTime:0.000104s ]
INFO: [ app_init ] --END-- [ RunTime:0.001042s ]
ERR: 无法加载模块:Img

[ 2015-05-18T16:02:03+08:00 ] 127.0.0.1 /img/icon/light/24px/24_rss.png
INFO: [ app_init ] --START--
INFO: Run Behavior\BuildLiteBehavior [ RunTime:0.000047s ]
INFO: [ app_init ] --END-- [ RunTime:0.000717s ]
ERR: 无法加载模块:Img

[ 2015-05-18T16:02:03+08:00 ] 127.0.0.1 /img/icon/light/24px/24_html.png
INFO: [ app_init ] --START--
INFO: Run Behavior\BuildLiteBehavior [ RunTime:0.000064s ]
INFO: [ app_init ] --END-- [ RunTime:0.000715s ]
ERR: 无法加载模块:Img

[ 2015-05-18T16:02:31+08:00 ] 127.0.0.1 /detail.html
INFO: [ app_init ] --START--
INFO: Run Behavior\BuildLiteBehavior [ RunTime:0.000039s ]
INFO: [ app_init ] --END-- [ RunTime:0.000493s ]
ERR: 无法加载模块:Detail

[ 2015-05-18T16:25:55+08:00 ] 127.0.0.1 /p/123.html
INFO: [ app_init ] --START--
INFO: Run Behavior\BuildLiteBehavior [ RunTime:0.000059s ]
INFO: [ app_init ] --END-- [ RunTime:0.000578s ]
ERR: 无法加载模块:P

[ 2015-05-18T16:28:31+08:00 ] 127.0.0.1 /p/123.html
INFO: [ app_init ] --START--
INFO: Run Behavior\BuildLiteBehavior [ RunTime:0.000040s ]
INFO: [ app_init ] --END-- [ RunTime:0.000474s ]
ERR: 无法加载模块:P

[ 2015-05-18T16:29:01+08:00 ] 127.0.0.1 /p/123.html
INFO: [ app_init ] --START--
INFO: Run Behavior\BuildLiteBehavior [ RunTime:0.000045s ]
INFO: [ app_init ] --END-- [ RunTime:0.000612s ]
ERR: 无法加载模块:P

[ 2015-05-18T16:29:48+08:00 ] 127.0.0.1 /p/123.html
INFO: [ app_init ] --START--
INFO: Run Behavior\BuildLiteBehavior [ RunTime:0.000042s ]
INFO: [ app_init ] --END-- [ RunTime:0.000584s ]
ERR: 无法加载模块:P

[ 2015-05-18T16:31:29+08:00 ] 127.0.0.1 /p/123.html
INFO: [ app_init ] --START--
INFO: Run Behavior\BuildLiteBehavior [ RunTime:0.000068s ]
INFO: [ app_init ] --END-- [ RunTime:0.000942s ]
ERR: 无法加载模块:P

[ 2015-05-18T16:31:29+08:00 ] 127.0.0.1 /p/123.html
INFO: [ app_init ] --START--
INFO: Run Behavior\BuildLiteBehavior [ RunTime:0.000043s ]
INFO: [ app_init ] --END-- [ RunTime:0.000556s ]
ERR: 无法加载模块:P

[ 2015-05-18T16:32:20+08:00 ] 127.0.0.1 /p/123.html
INFO: [ app_init ] --START--
INFO: Run Behavior\BuildLiteBehavior [ RunTime:0.000046s ]
INFO: [ app_init ] --END-- [ RunTime:0.000565s ]
ERR: 无法加载模块:P

[ 2015-05-18T16:32:21+08:00 ] 127.0.0.1 /p/123.html
INFO: [ app_init ] --START--
INFO: Run Behavior\BuildLiteBehavior [ RunTime:0.000047s ]
INFO: [ app_init ] --END-- [ RunTime:0.000710s ]
ERR: 无法加载模块:P

[ 2015-05-18T16:32:21+08:00 ] 127.0.0.1 /p/123.html
INFO: [ app_init ] --START--
INFO: Run Behavior\BuildLiteBehavior [ RunTime:0.000044s ]
INFO: [ app_init ] --END-- [ RunTime:0.000614s ]
ERR: 无法加载模块:P

[ 2015-05-18T16:32:29+08:00 ] 127.0.0.1 /x
INFO: [ app_init ] --START--
INFO: Run Behavior\BuildLiteBehavior [ RunTime:0.000041s ]
INFO: [ app_init ] --END-- [ RunTime:0.000516s ]
ERR: 无法加载模块:X

[ 2015-05-18T16:34:41+08:00 ] 127.0.0.1 /x/s
INFO: [ app_init ] --START--
INFO: Run Behavior\BuildLiteBehavior [ RunTime:0.000048s ]
INFO: [ app_init ] --END-- [ RunTime:0.000517s ]
ERR: 无法加载模块:X

[ 2015-05-18T16:36:23+08:00 ] 127.0.0.1 /x
INFO: [ app_init ] --START--
INFO: Run Behavior\BuildLiteBehavior [ RunTime:0.000035s ]
INFO: [ app_init ] --END-- [ RunTime:0.000557s ]
ERR: 无法加载模块:X

[ 2015-05-18T16:38:27+08:00 ] 127.0.0.1 /!2
INFO: [ app_init ] --START--
INFO: Run Behavior\BuildLiteBehavior [ RunTime:0.000047s ]
INFO: [ app_init ] --END-- [ RunTime:0.000506s ]
ERR: 无法加载模块:!2

[ 2015-05-18T16:38:31+08:00 ] 127.0.0.1 /!3
INFO: [ app_init ] --START--
INFO: Run Behavior\BuildLiteBehavior [ RunTime:0.000034s ]
INFO: [ app_init ] --END-- [ RunTime:0.000464s ]
ERR: 无法加载模块:!3

[ 2015-05-18T16:38:58+08:00 ] 127.0.0.1 /s
INFO: [ app_init ] --START--
INFO: Run Behavior\BuildLiteBehavior [ RunTime:0.000039s ]
INFO: [ app_init ] --END-- [ RunTime:0.000484s ]
ERR: 无法加载模块:S

[ 2015-05-18T16:39:56+08:00 ] 127.0.0.1 /se
INFO: [ app_init ] --START--
INFO: Run Behavior\BuildLiteBehavior [ RunTime:0.000036s ]
INFO: [ app_init ] --END-- [ RunTime:0.000531s ]
ERR: 无法加载模块:Se

[ 2015-05-18T16:41:51+08:00 ] 127.0.0.1 /se
ERR: 无法加载模块:Se

[ 2015-05-18T16:42:00+08:00 ] 127.0.0.1 /se
ERR: 无法加载模块:Se

[ 2015-05-18T16:42:20+08:00 ] 127.0.0.1 /se
INFO: [ app_init ] --START--
INFO: Run Behavior\BuildLiteBehavior [ RunTime:0.000055s ]
INFO: [ app_init ] --END-- [ RunTime:0.000758s ]
ERR: 无法加载模块:Se

[ 2015-05-18T16:42:36+08:00 ] 127.0.0.1 /se
INFO: [ app_init ] --START--
INFO: Run Behavior\BuildLiteBehavior [ RunTime:0.000032s ]
INFO: [ app_init ] --END-- [ RunTime:0.000419s ]
ERR: 无法加载模块:Se

[ 2015-05-18T16:42:40+08:00 ] 127.0.0.1 /p
INFO: [ app_init ] --START--
INFO: Run Behavior\BuildLiteBehavior [ RunTime:0.000040s ]
INFO: [ app_init ] --END-- [ RunTime:0.000493s ]
ERR: 无法加载模块:P

[ 2015-05-18T16:43:02+08:00 ] 127.0.0.1 /x
INFO: [ app_init ] --START--
INFO: Run Behavior\BuildLiteBehavior [ RunTime:0.000034s ]
INFO: [ app_init ] --END-- [ RunTime:0.000466s ]
ERR: 无法加载模块:X

[ 2015-05-18T16:51:56+08:00 ] 127.0.0.1 /img/icon/light/48px/48_home.png
INFO: [ app_init ] --START--
INFO: Run Behavior\BuildLiteBehavior [ RunTime:0.000058s ]
INFO: [ app_init ] --END-- [ RunTime:0.001013s ]
ERR: 无法加载模块:Img

[ 2015-05-18T16:51:56+08:00 ] 127.0.0.1 /img/icon/light/48px/48_settings.png
INFO: [ app_init ] --START--
INFO: Run Behavior\BuildLiteBehavior [ RunTime:0.000069s ]
INFO: [ app_init ] --END-- [ RunTime:0.000964s ]
ERR: 无法加载模块:Img

[ 2015-05-18T16:51:56+08:00 ] 127.0.0.1 /img/icon/light/48px/48_poll.png
INFO: [ app_init ] --START--
INFO: Run Behavior\BuildLiteBehavior [ RunTime:0.000059s ]
INFO: [ app_init ] --END-- [ RunTime:0.000761s ]
ERR: 无法加载模块:Img

[ 2015-05-18T16:51:56+08:00 ] 127.0.0.1 /img/icon/light/48px/48_comments.png
INFO: [ app_init ] --START--
INFO: Run Behavior\BuildLiteBehavior [ RunTime:0.000058s ]
INFO: [ app_init ] --END-- [ RunTime:0.000751s ]
ERR: 无法加载模块:Img

[ 2015-05-18T16:51:56+08:00 ] 127.0.0.1 /js/chart.js
INFO: [ app_init ] --START--
INFO: Run Behavior\BuildLiteBehavior [ RunTime:0.000053s ]
INFO: [ app_init ] --END-- [ RunTime:0.000767s ]
ERR: 无法加载模块:Js

[ 2015-05-18T16:51:56+08:00 ] 127.0.0.1 /img/icon/light/48px/48_gallery.png
INFO: [ app_init ] --START--
INFO: Run Behavior\BuildLiteBehavior [ RunTime:0.000071s ]
INFO: [ app_init ] --END-- [ RunTime:0.000788s ]
ERR: 无法加载模块:Img

[ 2015-05-18T16:51:56+08:00 ] 127.0.0.1 /img/icon/light/48px/48_pie_graph.png
INFO: [ app_init ] --START--
INFO: Run Behavior\BuildLiteBehavior [ RunTime:0.000057s ]
INFO: [ app_init ] --END-- [ RunTime:0.000718s ]
ERR: 无法加载模块:Img

[ 2015-05-18T16:51:56+08:00 ] 127.0.0.1 /img/icon/light/48px/48_rss.png
INFO: [ app_init ] --START--
INFO: Run Behavior\BuildLiteBehavior [ RunTime:0.000076s ]
INFO: [ app_init ] --END-- [ RunTime:0.000878s ]
ERR: 无法加载模块:Img

[ 2015-05-18T16:51:56+08:00 ] 127.0.0.1 /img/icon/light/48px/48_html.png
INFO: [ app_init ] --START--
INFO: Run Behavior\BuildLiteBehavior [ RunTime:0.000037s ]
INFO: [ app_init ] --END-- [ RunTime:0.000550s ]
ERR: 无法加载模块:Img

[ 2015-05-18T16:51:56+08:00 ] 127.0.0.1 /img/icon/icons-png/gear-black.png
INFO: [ app_init ] --START--
INFO: Run Behavior\BuildLiteBehavior [ RunTime:0.000060s ]
INFO: [ app_init ] --END-- [ RunTime:0.001562s ]
ERR: 无法加载模块:Img

[ 2015-05-18T16:51:56+08:00 ] 127.0.0.1 /img/icon/light/48px/48_googleplus.png
INFO: [ app_init ] --START--
INFO: Run Behavior\BuildLiteBehavior [ RunTime:0.000123s ]
INFO: [ app_init ] --END-- [ RunTime:0.000944s ]
ERR: 无法加载模块:Img

[ 2015-05-18T16:51:56+08:00 ] 127.0.0.1 /img/2.jpg
INFO: [ app_init ] --START--
INFO: Run Behavior\BuildLiteBehavior [ RunTime:0.000062s ]
INFO: [ app_init ] --END-- [ RunTime:0.000819s ]
ERR: 无法加载模块:Img

[ 2015-05-18T16:52:31+08:00 ] 127.0.0.1 /Public/js/chart.js
INFO: [ app_init ] --START--
INFO: Run Behavior\BuildLiteBehavior [ RunTime:0.000070s ]
INFO: [ app_init ] --END-- [ RunTime:0.000712s ]
ERR: 无法加载模块:Public

[ 2015-05-18T16:52:31+08:00 ] 127.0.0.1 /Public/img/2.jpg
INFO: [ app_init ] --START--
INFO: Run Behavior\BuildLiteBehavior [ RunTime:0.000036s ]
INFO: [ app_init ] --END-- [ RunTime:0.000548s ]
ERR: 无法加载模块:Public

[ 2015-05-18T16:52:32+08:00 ] 127.0.0.1 /Public/js/chart.js
INFO: [ app_init ] --START--
INFO: Run Behavior\BuildLiteBehavior [ RunTime:0.000064s ]
INFO: [ app_init ] --END-- [ RunTime:0.000854s ]
ERR: 无法加载模块:Public

[ 2015-05-18T16:52:32+08:00 ] 127.0.0.1 /Public/img/2.jpg
INFO: [ app_init ] --START--
INFO: Run Behavior\BuildLiteBehavior [ RunTime:0.000033s ]
INFO: [ app_init ] --END-- [ RunTime:0.000454s ]
ERR: 无法加载模块:Public

[ 2015-05-18T16:52:58+08:00 ] 127.0.0.1 /Public/js/chart.js
INFO: [ app_init ] --START--
INFO: Run Behavior\BuildLiteBehavior [ RunTime:0.000059s ]
INFO: [ app_init ] --END-- [ RunTime:0.000782s ]
ERR: 无法加载模块:Public

[ 2015-05-18T16:52:58+08:00 ] 127.0.0.1 /Public/img/2.jpg
INFO: [ app_init ] --START--
INFO: Run Behavior\BuildLiteBehavior [ RunTime:0.000040s ]
INFO: [ app_init ] --END-- [ RunTime:0.001060s ]
ERR: 无法加载模块:Public

[ 2015-05-18T16:53:31+08:00 ] 127.0.0.1 /Public/img/2.jpg
INFO: [ app_init ] --START--
INFO: Run Behavior\BuildLiteBehavior [ RunTime:0.000056s ]
INFO: [ app_init ] --END-- [ RunTime:0.000855s ]
ERR: 无法加载模块:Public

[ 2015-05-18T16:57:52+08:00 ] 127.0.0.1 /images/image.png
INFO: [ app_init ] --START--
INFO: Run Behavior\BuildLiteBehavior [ RunTime:0.000034s ]
INFO: [ app_init ] --END-- [ RunTime:0.000417s ]
ERR: 无法加载模块:Images

